Base path: C:/Program Files (x86)/Unity/Editor/Data
Pipe name: \\.\pipe\UnityShaderCompiler-4-5460
Cmd: getPlatforms
Cmd: compileSnippet
  api=1 type=0 insize=1203 outsize=186 kw= ok=1
Cmd: compileSnippet
  api=8 type=1 insize=1203 outsize=1690 kw= ok=1
Cmd: compileSnippet
  api=1 type=0 insize=1322 outsize=186 kw= ok=1
Cmd: compileSnippet
  api=8 type=1 insize=1322 outsize=2600 kw= ok=1
Cmd: compileSnippet
  api=1 type=0 insize=1274 outsize=186 kw= ok=1
Cmd: compileSnippet
  api=8 type=1 insize=1274 outsize=1633 kw= ok=1
Cmd: compileSnippet
  api=1 type=0 insize=1260 outsize=186 kw= ok=1
Cmd: compileSnippet
  api=1 type=0 insize=1260 outsize=186 kw= ok=1
Cmd: compileSnippet
  api=1 type=1 insize=1260 outsize=471 kw= ok=1
Cmd: compileSnippet
  api=8 type=0 insize=1282 outsize=1950 kw= ok=1
Cmd: compileSnippet
  api=1 type=0 insize=1222 outsize=186 kw= ok=1
Cmd: compileSnippet
  api=1 type=0 insize=1218 outsize=186 kw= ok=1
Cmd: compileSnippet
  api=1 type=1 insize=1277 outsize=205 kw= ok=1
Cmd: compileSnippet
  api=1 type=0 insize=1333 outsize=186 kw= ok=1
Cmd: compileSnippet
  api=1 type=1 insize=1333 outsize=236 kw= ok=1
Cmd: compileSnippet
  api=8 type=0 insize=956 outsize=1812 kw= ok=1
Cmd: compileSnippet
  api=8 type=1 insize=956 outsize=1048 kw= ok=1
Cmd: compileSnippet
  api=8 type=0 insize=942 outsize=1690 kw= ok=1
Cmd: compileSnippet
  api=8 type=1 insize=942 outsize=1048 kw= ok=1
Cmd: compileSnippet
  api=1 type=1 insize=1051 outsize=343 kw= ok=1
Unhandled exception: Readfile from pipe failed. GLE=Канал был закрыт.


Quitting shader compiler process
